Flow report for traffic_light_control
Tue Feb 07 09:21:02 2023
Quartus II 64-Bit Version 13.1.0 Build 162 10/23/2013 SJ Web Edition


---------------------
; Table of Contents ;
---------------------
  1. Legal Notice
  2. Flow Summary
  3. Flow Settings
  4. Flow Non-Default Global Settings
  5. Flow Elapsed Time
  6. Flow OS Summary
  7. Flow Log
  8. Flow Messages
  9. Flow Suppressed Messages



----------------
; Legal Notice ;
----------------
Copyright (C) 1991-2013 Altera Corporation
Your use of Altera Corporation's design tools, logic functions 
and other software and tools, and its AMPP partner logic 
functions, and any output files from any of the foregoing 
(including device programming or simulation files), and any 
associated documentation or information are expressly subject 
to the terms and conditions of the Altera Program License 
Subscription Agreement, Altera MegaCore Function License 
Agreement, or other applicable license agreement, including, 
without limitation, that your use is for the sole purpose of 
programming logic devices manufactured by Altera and sold by 
Altera or its authorized distributors.  Please refer to the 
applicable agreement for further details.



+------------------------------------------------------------------------+
; Flow Summary                                                           ;
+---------------------------+--------------------------------------------+
; Flow Status               ; Successful - Tue Feb 07 09:21:02 2023      ;
; Quartus II 64-Bit Version ; 13.1.0 Build 162 10/23/2013 SJ Web Edition ;
; Revision Name             ; traffic_light_control                      ;
; Top-level Entity Name     ; traffic_light_control                      ;
; Family                    ; MAX II                                     ;
; Device                    ; EPM240T100C5                               ;
; Timing Models             ; Final                                      ;
; Total logic elements      ; 227 / 240 ( 95 % )                         ;
; Total pins                ; 34 / 80 ( 43 % )                           ;
; Total virtual pins        ; 0                                          ;
; UFM blocks                ; 0 / 1 ( 0 % )                              ;
+---------------------------+--------------------------------------------+


+-------------------------------------------+
; Flow Settings                             ;
+-------------------+-----------------------+
; Option            ; Setting               ;
+-------------------+-----------------------+
; Start date & time ; 02/07/2023 09:20:53   ;
; Main task         ; Compilation           ;
; Revision Name     ; traffic_light_control ;
+-------------------+-----------------------+


+-----------------------------------------------------------------------------------------------------------------------------------------+
; Flow Non-Default Global Settings                                                                                                        ;
+---------------------------------------+--------------------------------------------------+---------------+-------------+----------------+
; Assignment Name                       ; Value                                            ; Default Value ; Entity Name ; Section Id     ;
+---------------------------------------+--------------------------------------------------+---------------+-------------+----------------+
; COMPILER_SIGNATURE_ID                 ; 345052807169.167573645318012                     ; --            ; --          ; --             ;
; EDA_GENERATE_FUNCTIONAL_NETLIST       ; On                                               ; --            ; --          ; eda_simulation ;
; EDA_NETLIST_WRITER_OUTPUT_DIR         ; C:/altera/traffic_light_control/simulation/qsim/ ; --            ; --          ; eda_simulation ;
; EDA_OUTPUT_DATA_FORMAT                ; Verilog Hdl                                      ; --            ; --          ; eda_simulation ;
; EDA_SIMULATION_TOOL                   ; ModelSim-Altera (Verilog)                        ; <None>        ; --          ; --             ;
; MAX_CORE_JUNCTION_TEMP                ; 85                                               ; --            ; --          ; --             ;
; MIN_CORE_JUNCTION_TEMP                ; 0                                                ; --            ; --          ; --             ;
; POWER_EXT_SUPPLY_VOLTAGE_TO_REGULATOR ; 3.3V                                             ; --            ; --          ; --             ;
; PROJECT_OUTPUT_DIRECTORY              ; output_files                                     ; --            ; --          ; --             ;
+---------------------------------------+--------------------------------------------------+---------------+-------------+----------------+


+-------------------------------------------------------------------------------------------------------------------------------+
; Flow Elapsed Time                                                                                                             ;
+---------------------------+--------------+-------------------------+---------------------+------------------------------------+
; Module Name               ; Elapsed Time ; Average Processors Used ; Peak Virtual Memory ; Total CPU Time (on all processors) ;
+---------------------------+--------------+-------------------------+---------------------+------------------------------------+
; Analysis & Synthesis      ; 00:00:01     ; 1.0                     ; 4647 MB             ; 00:00:00                           ;
; Fitter                    ; 00:00:02     ; 4.0                     ; 5258 MB             ; 00:00:01                           ;
; Assembler                 ; 00:00:01     ; 1.0                     ; 4559 MB             ; 00:00:00                           ;
; TimeQuest Timing Analyzer ; 00:00:00     ; 1.0                     ; 4590 MB             ; 00:00:00                           ;
; EDA Netlist Writer        ; 00:00:01     ; 1.0                     ; 4534 MB             ; 00:00:00                           ;
; Total                     ; 00:00:05     ; --                      ; --                  ; 00:00:01                           ;
+---------------------------+--------------+-------------------------+---------------------+------------------------------------+


+----------------------------------------------------------------------------------------+
; Flow OS Summary                                                                        ;
+---------------------------+------------------+-----------+------------+----------------+
; Module Name               ; Machine Hostname ; OS Name   ; OS Version ; Processor type ;
+---------------------------+------------------+-----------+------------+----------------+
; Analysis & Synthesis      ; tuanmanh         ; Windows 7 ; 6.2        ; x86_64         ;
; Fitter                    ; tuanmanh         ; Windows 7 ; 6.2        ; x86_64         ;
; Assembler                 ; tuanmanh         ; Windows 7 ; 6.2        ; x86_64         ;
; TimeQuest Timing Analyzer ; tuanmanh         ; Windows 7 ; 6.2        ; x86_64         ;
; EDA Netlist Writer        ; tuanmanh         ; Windows 7 ; 6.2        ; x86_64         ;
+---------------------------+------------------+-----------+------------+----------------+


------------
; Flow Log ;
------------
quartus_map --read_settings_files=on --write_settings_files=off traffic_light_control -c traffic_light_control
quartus_fit --read_settings_files=off --write_settings_files=off traffic_light_control -c traffic_light_control
quartus_asm --read_settings_files=off --write_settings_files=off traffic_light_control -c traffic_light_control
quartus_sta traffic_light_control -c traffic_light_control
quartus_eda --read_settings_files=off --write_settings_files=off traffic_light_control -c traffic_light_control



